NO  : /home/mfrw/os/freebsd/li/libcasper/services
Yes : /home/mfrw/netfilter/nf-next/drivers/acpi
NO  : /usr/local/inclde/urcu/uatomic
Yes : /usr/share/doc/xserver-xorg-video-fbdev-lts-vivid
NO  : /home/mfrw/linux_un/include/config/sched/omit/frame
Yes : /home/mfrw/os/qemu/busybox-x86/include/config/feature/passwd/weak
Yes : /usr/include/x86_64-linux-gnu/bits
NO  : /home/frw/os/linux_staging/drivers/media/radio/si470x
Yes : /usr/local/MATLAB/R2016a/help/signal/examples
Yes : /proc/19731/task/20485/ns
NO  : /home/mfrw/os/inux_staging/arch/x86/um
Yes : /var/cache/man/fa
NO  : /home/mfrw/kp/arch/arm64/boot/dts/te
Yes : /home/mfrw/netfilter/iproute2/examples/diffserv
Yes : /home/mfrw/os/lnext_run/include/config/have/hw
Yes : /proc/2695/task
NO  : /home/mfrw/lab_assignment/include/cnfig/input/ad714x
NO  : /usr/share/doc/obex-data-sever
Yes : /home/mfrw/tor/shadow/build/src/external/rpth
Yes : /usr/share/doc/texlive-doc/fonts/bartel-chess-fonts
NO  : /home/mfrw/os/linux-history/histor/sound/isa/wavefront
NO  : /ome/mfrw/os/freebsd/contrib/netbsd-tests/lib/libc/common
Yes : /proc/2618/attr
Yes : /usr/share/doc/texlive-doc/latex/xytree
Yes : /usr/share/doc/vlc-nox/lua
Yes : /home/mfrw/lab_assignment/drivers/gpu/drm/nouveau/nvkm/engine/ce
Yes : /home/mfrw/netfilter/nf-next/scripts/coccinelle/free
Yes : /home/mfrw/netfilter/nf-next/arch/m32r/platforms/oaks32r
NO  : /usr/lib/python3/dist-ackages/pyatspi
Yes : /home/mfrw/netfilter/nf-next/include/net/netns
NO  : /home/mfrw/s/julia_coccinelle/countptr
NO  : /usr/share/seahorse/ions/hicolor/22x22
Yes : /home/mfrw/netfilter/nf-next/arch/openrisc/mm
Yes : /usr/share/doc/texlive-doc/generic/pst-fun
NO  : /home/mfrw/os/minix/minix/ne
NO  : /home/mfrw/netflter/nf-next/include/linux/mfd/abx500
Yes : /home/mfrw/os/linux_staging/Documentation/filesystems/configfs
Yes : /home/mfrw/os/minix/external/bsd/llvm/lib/libLLVMX86Disassembler
NO  : /home/mfrw/os/feebsd/sys/dev/random
Yes : /usr/share/help/C/language-selector
NO  : /usr/local/MATLAB/R206a/resources/RptgenSL
Yes : /proc/2854/task/2892/net/netfilter
NO  : /home/mfrw/kp/net/netilter/ipvs
NO  : /home/mfrw/os/lnux_staging/include/dt-bindings/gpio
NO  : /proc/110/net/dev_snmp
NO  : /usr/share/doc/texlive-doc/generic/arr
NO  : /usr/share/appor
NO  : /home/mfrw/Documents/spre_docs/study/PDFs/python/SamplePgms2005/CsExamples/Cs07a
NO  : /home/mfrw/go/mc/sortac
NO  : /hme/mfrw/c-utils/glibc/localedata/unicode-gen
